{
	"type": "info",
	"module": "VectorSearch",
	"fn": "init",
	"host": "Moon",
	"timestamp": 1352753473.095,
	"short_message": "VectorSpace initialised.",
	"full_message": null,
	"facility": null
}
{
	"type": "info",
	"module": "test",
	"fn": "",
	"host": "Moon",
	"timestamp": 1352753473.101,
	"short_message": "[{\"id\":\"9\",\"title\":\"Nine\",\"angle\":0.6666666666666667,\"percent\":\"67%\"},{\"id\":\"8\",\"title\":\"Eight\",\"angle\":0.33333333333333337,\"percent\":\"33%\"},{\"id\":\"5\",\"title\":\"Five\",\"angle\":0.33333333333333337,\"percent\":\"33%\"},{\"id\":\"4\",\"title\":\"Four\",\"angle\":0.33333333333333337,\"percent\":\"33%\"}]",
	"full_message": null,
	"facility": null
}
{
	"type": "info",
	"module": "test",
	"fn": "",
	"host": "Moon",
	"timestamp": 1352753473.102,
	"short_message": "Completed in: 2 milliseconds.",
	"full_message": null,
	"facility": null
}
